#-----------------------------------------------------------
# Vivado v2018.3 (64-bit)
# SW Build 2405991 on Thu Dec  6 23:36:41 MST 2018
# IP Build 2404404 on Fri Dec  7 01:43:56 MST 2018
# Start of session at: Tue Jun 11 15:08:49 2019
# Process ID: 13336
# Current directory: /home/davidzhang/Robotics/Mako
# Command line: vivado
# Log file: /home/davidzhang/Robotics/Mako/vivado.log
# Journal file: /home/davidzhang/Robotics/Mako/vivado.jou
#-----------------------------------------------------------
start_gui
open_project /home/davidzhang/Robotics/Phones/VivadoProjects/project_1/project_1.xpr
Scanning sources...
Finished scanning sources
INFO: [IP_Flow 19-234] Refreshing IP repositories
INFO: [IP_Flow 19-1700] Loaded user IP repository '/home/davidzhang/Robotics/Phones/VivadoProjects/vivado-library'.
INFO: [IP_Flow 19-2313] Loaded Vivado IP repository '/tools/Xilinx/Vivado/2018.3/data/ip'.
open_project: Time (s): cpu = 00:00:18 ; elapsed = 00:00:10 . Memory (MB): peak = 6518.480 ; gain = 209.027 ; free physical = 1790 ; free virtual = 13874
update_compile_order -fileset sources_1
launch_sdk -workspace /home/davidzhang/Robotics/Phones/VivadoProjects/project_1/project_1.sdk -hwspec /home/davidzhang/Robotics/Phones/VivadoProjects/project_1/project_1.sdk/design_1_wrapper.hdf
INFO: [Vivado 12-393] Launching SDK...
INFO: [Vivado 12-417] Running xsdk -workspace /home/davidzhang/Robotics/Phones/VivadoProjects/project_1/project_1.sdk -hwspec /home/davidzhang/Robotics/Phones/VivadoProjects/project_1/project_1.sdk/design_1_wrapper.hdf
INFO: [Vivado 12-3157] SDK launch initiated. Please check console for any further messages.
exit
INFO: [Common 17-206] Exiting Vivado at Tue Jun 11 15:09:27 2019...
