Determining if the pthread_create exist failed with the following output:
Change Dir: /home/davidzhang/Robotics/Octo/build/CMakeFiles/CMakeTmp

Run Build Command:"/usr/bin/make" "cmTC_3613a/fast"
/usr/bin/make -f CMakeFiles/cmTC_3613a.dir/build.make CMakeFiles/cmTC_3613a.dir/build
make[1]: Entering directory '/home/davidzhang/Robotics/Octo/build/CMakeFiles/CMakeTmp'
Building C object CMakeFiles/cmTC_3613a.dir/CheckSymbolExists.c.o
/usr/bin/cc    -o CMakeFiles/cmTC_3613a.dir/CheckSymbolExists.c.o   -c /home/davidzhang/Robotics/Octo/build/CMakeFiles/CMakeTmp/CheckSymbolExists.c
Linking C executable cmTC_3613a
/usr/bin/cmake -E cmake_link_script CMakeFiles/cmTC_3613a.dir/link.txt --verbose=1
/usr/bin/cc      -rdynamic CMakeFiles/cmTC_3613a.dir/CheckSymbolExists.c.o  -o cmTC_3613a 
CMakeFiles/cmTC_3613a.dir/CheckSymbolExists.c.o: In function `main':
CheckSymbolExists.c:(.text+0x1b): undefined reference to `pthread_create'
collect2: error: ld returned 1 exit status
CMakeFiles/cmTC_3613a.dir/build.make:97: recipe for target 'cmTC_3613a' failed
make[1]: *** [cmTC_3613a] Error 1
make[1]: Leaving directory '/home/davidzhang/Robotics/Octo/build/CMakeFiles/CMakeTmp'
Makefile:126: recipe for target 'cmTC_3613a/fast' failed
make: *** [cmTC_3613a/fast] Error 2

File /home/davidzhang/Robotics/Octo/build/CMakeFiles/CMakeTmp/CheckSymbolExists.c:
/* */
#include <pthread.h>

int main(int argc, char** argv)
{
  (void)argv;
#ifndef pthread_create
  return ((int*)(&pthread_create))[argc];
#else
  (void)argc;
  return 0;
#endif
}

Determining if the function pthread_create exists in the pthreads failed with the following output:
Change Dir: /home/davidzhang/Robotics/Octo/build/CMakeFiles/CMakeTmp

Run Build Command:"/usr/bin/make" "cmTC_94e32/fast"
/usr/bin/make -f CMakeFiles/cmTC_94e32.dir/build.make CMakeFiles/cmTC_94e32.dir/build
make[1]: Entering directory '/home/davidzhang/Robotics/Octo/build/CMakeFiles/CMakeTmp'
Building C object CMakeFiles/cmTC_94e32.dir/CheckFunctionExists.c.o
/usr/bin/cc   -DCHECK_FUNCTION_EXISTS=pthread_create   -o CMakeFiles/cmTC_94e32.dir/CheckFunctionExists.c.o   -c /usr/share/cmake-3.10/Modules/CheckFunctionExists.c
Linking C executable cmTC_94e32
/usr/bin/cmake -E cmake_link_script CMakeFiles/cmTC_94e32.dir/link.txt --verbose=1
/usr/bin/cc  -DCHECK_FUNCTION_EXISTS=pthread_create    -rdynamic CMakeFiles/cmTC_94e32.dir/CheckFunctionExists.c.o  -o cmTC_94e32 -lpthreads 
/usr/bin/ld: cannot find -lpthreads
collect2: error: ld returned 1 exit status
CMakeFiles/cmTC_94e32.dir/build.make:97: recipe for target 'cmTC_94e32' failed
make[1]: *** [cmTC_94e32] Error 1
make[1]: Leaving directory '/home/davidzhang/Robotics/Octo/build/CMakeFiles/CMakeTmp'
Makefile:126: recipe for target 'cmTC_94e32/fast' failed
make: *** [cmTC_94e32/fast] Error 2


